<?xml version="1.0" encoding="UTF-8"?>
<testsuite name="CoinCombinationsTest" tests="8" skipped="0" failures="0" errors="0" timestamp="2016-02-11T07:04:35" hostname="Blairs-MacBook-Pro.local" time="0.615">
  <properties/>
  <testcase name="makeChange_returnZeroForAll_0" classname="CoinCombinationsTest" time="0.003"/>
  <testcase name="returnZeroForAllUponSubmit" classname="CoinCombinationsTest" time="0.523"/>
  <testcase name="calculateAndReturnCorrectOutput" classname="CoinCombinationsTest" time="0.02"/>
  <testcase name="makeChange_returnNumberOfQuarters_2" classname="CoinCombinationsTest" time="0.0"/>
  <testcase name="makeChange_returnNumberOfPennies_3" classname="CoinCombinationsTest" time="0.0"/>
  <testcase name="rootTest" classname="CoinCombinationsTest" time="0.019"/>
  <testcase name="makeChange_returnNumberOfNickels_1" classname="CoinCombinationsTest" time="0.0"/>
  <testcase name="makeChange_returnNumberOfDimes_1" classname="CoinCombinationsTest" time="0.0"/>
  <system-out><![CDATA[]]></system-out>
  <system-err><![CDATA[[Thread-4] INFO spark.webserver.SparkServer - == Spark has ignited ...
[Thread-4] INFO spark.webserver.SparkServer - >> Listening on 0.0.0.0:4567
[Thread-4] INFO org.eclipse.jetty.server.Server - jetty-9.0.2.v20130417
[Thread-4] INFO org.eclipse.jetty.server.ServerConnector - Started ServerConnector@30828608{HTTP/1.1}{0.0.0.0:4567}
[Test worker] INFO spark.webserver.SparkServer - >>> Spark shutting down ...
[Test worker] INFO org.eclipse.jetty.server.Server - Graceful shutdown org.eclipse.jetty.server.Server@16235292 by 
[Test worker] INFO org.eclipse.jetty.server.ServerConnector - Stopped ServerConnector@30828608{HTTP/1.1}{0.0.0.0:4567}
[Test worker] INFO spark.webserver.SparkServer - done
]]></system-err>
</testsuite>
